<?xml version="1.0" encoding="UTF-8"?>
<!-- Generated by org.testng.reporters.JUnitReportReporter -->
<testsuite hostname="DESKTOP-PG24O8R" failures="0" tests="1" name="com.qa.testrunner.Testrunner" time="60.788" errors="0" timestamp="2021-01-19T13:04:18 CET" skipped="0">
  <testcase classname="com.qa.testrunner.Testrunner" name="runScenario" time="60.788"/>
  <system-out/>
</testsuite> <!-- com.qa.testrunner.Testrunner -->
